Using pre-set license
Built from '2020.3/staging' branch; Version is '2020.3.5f1 (8095aa901b9b) revision 8426922'; Using compiler version '192528614'; Build Type 'Release'
OS: 'Windows 10 Home; OS build 19041.1052; Version 2004; 64bit' Language: 'en' Physical Memory: 8076 MB
BatchMode: 1, IsHumanControllingUs: 0, StartBugReporterOnCrash: 0, Is64bit: 1, IsPro: 0

 COMMAND LINE ARGUMENTS:
D:\Unity\versions\2020.3.5f1\Editor\Unity.exe
-adb2
-batchMode
-noUpm
-name
AssetImportWorker1
-projectPath
D:/UnityProjects/GMTK2021/GMTK-Game-Jam-Project/GMTK Game Jam
-logFile
Logs/AssetImportWorker1.log
-srvPort
65125
Successfully changed project path to: D:/UnityProjects/GMTK2021/GMTK-Game-Jam-Project/GMTK Game Jam
D:/UnityProjects/GMTK2021/GMTK-Game-Jam-Project/GMTK Game Jam
Using Asset Import Pipeline V2.
Refreshing native plugins compatible for Editor in 51.81 ms, found 1 plugins.
Preloading 0 native plugins for Editor in 0.00 ms.
Initialize engine version: 2020.3.5f1 (8095aa901b9b)
[Subsystems] Discovering subsystems at path D:/Unity/versions/2020.3.5f1/Editor/Data/Resources/UnitySubsystems
[Subsystems] Discovering subsystems at path D:/UnityProjects/GMTK2021/GMTK-Game-Jam-Project/GMTK Game Jam/Assets
GfxDevice: creating device client; threaded=0
Direct3D:
    Version:  Direct3D 11.0 [level 11.1]
    Renderer: NVIDIA GeForce GTX 1050 (ID=0x1c8d)
    Vendor:   
    VRAM:     4021 MB
    Driver:   27.21.14.5206
Initialize mono
Mono path[0] = 'D:/Unity/versions/2020.3.5f1/Editor/Data/Managed'
Mono path[1] = 'D:/Unity/versions/2020.3.5f1/Editor/Data/MonoBleedingEdge/lib/mono/unityjit'
Mono config path = 'D:/Unity/versions/2020.3.5f1/Editor/Data/MonoBleedingEdge/etc'
Using monoOptions --debugger-agent=transport=dt_socket,embedding=1,server=y,suspend=n,address=127.0.0.1:56892
Begin MonoManager ReloadAssembly
Registering precompiled unity dll's ...
Register platform support module: D:/Unity/versions/2020.3.5f1/Editor/Data/PlaybackEngines/WebGLSupport/UnityEditor.WebGL.Extensions.dll
Register platform support module: D:/Unity/versions/2020.3.5f1/Editor/Data/PlaybackEngines/WindowsStandaloneSupport/UnityEditor.WindowsStandalone.Extensions.dll
Registered in 0.002022 seconds.
Native extension for WindowsStandalone target not found
Native extension for WebGL target not found
Refreshing native plugins compatible for Editor in 51.85 ms, found 1 plugins.
Preloading 0 native plugins for Editor in 0.00 ms.
Mono: successfully reloaded assembly
- Completed reload, in  3.353 seconds
Platform modules already initialized, skipping
Registering precompiled user dll's ...
Registered in 0.001434 seconds.
Begin MonoManager ReloadAssembly
Native extension for WindowsStandalone target not found
Native extension for WebGL target not found
Refreshing native plugins compatible for Editor in 88.34 ms, found 1 plugins.
Preloading 0 native plugins for Editor in 0.00 ms.
Mono: successfully reloaded assembly
- Completed reload, in  1.471 seconds
Platform modules already initialized, skipping
========================================================================
Worker process is ready to serve import requests
Launched and connected shader compiler UnityShaderCompiler.exe after 0.10 seconds
Refreshing native plugins compatible for Editor in 0.42 ms, found 1 plugins.
Preloading 0 native plugins for Editor in 0.00 ms.
Unloading 1808 Unused Serialized files (Serialized files now loaded: 0)
System memory in use before: 84.8 MB.
System memory in use after: 84.8 MB.

Unloading 19 unused Assets to reduce memory usage. Loaded Objects now: 2255.
Total: 4.014700 ms (FindLiveObjects: 0.517600 ms CreateObjectMapping: 0.350400 ms MarkObjects: 2.996300 ms  DeleteObjects: 0.147900 ms)

========================================================================
Received Import Request.
  path: Assets/Prefabs/RoboPlayer.prefab
  artifactKey: Guid(1bcb7de3b30108648b1c3f8658741dc4) Importer(815301076,1909f56bfc062723c751e8b465ee728b)
Start importing Assets/Prefabs/RoboPlayer.prefab using Guid(1bcb7de3b30108648b1c3f8658741dc4) Importer(815301076,1909f56bfc062723c751e8b465ee728b)  -> (artifact id: 'd5f360b9dcf8c51d759fea566915a123') in 0.155522 seconds
  Import took 0.159493 seconds .

========================================================================
Received Import Request.
  Time since last request: 0.000342 seconds.
  path: Assets/Prefabs/Player.prefab
  artifactKey: Guid(f14a4b29d9af9ad449962beacdd67f8a) Importer(815301076,1909f56bfc062723c751e8b465ee728b)
Start importing Assets/Prefabs/Player.prefab using Guid(f14a4b29d9af9ad449962beacdd67f8a) Importer(815301076,1909f56bfc062723c751e8b465ee728b)  -> (artifact id: '4a8db5c3579013ddf94f390283fa8f33') in 0.029272 seconds
  Import took 0.034040 seconds .

========================================================================
Received Import Request.
  Time since last request: 0.000329 seconds.
  path: Assets/Prefabs/Robot.prefab
  artifactKey: Guid(66f780d6dc51c464d9c83c496cfddc9c) Importer(815301076,1909f56bfc062723c751e8b465ee728b)
Start importing Assets/Prefabs/Robot.prefab using Guid(66f780d6dc51c464d9c83c496cfddc9c) Importer(815301076,1909f56bfc062723c751e8b465ee728b)  -> (artifact id: '2d435d71be969b747b9601ce7f20bbe8') in 0.021330 seconds
  Import took 0.026030 seconds .

========================================================================
Received Import Request.
  Time since last request: 0.000531 seconds.
  path: Assets/Scenes
  artifactKey: Guid(6a6f672665005a44b8edde47d27cbe48) Importer(815301076,1909f56bfc062723c751e8b465ee728b)
Start importing Assets/Scenes using Guid(6a6f672665005a44b8edde47d27cbe48) Importer(815301076,1909f56bfc062723c751e8b465ee728b)  -> (artifact id: 'e52cf3bde074150cc78dc9513d14ec8d') in 0.012644 seconds
  Import took 0.020818 seconds .

========================================================================
Received Import Request.
  Time since last request: 0.000343 seconds.
  path: Assets/Sprites
  artifactKey: Guid(6f4ba43feeb2c414cad370938f1fa618) Importer(815301076,1909f56bfc062723c751e8b465ee728b)
Start importing Assets/Sprites using Guid(6f4ba43feeb2c414cad370938f1fa618) Importer(815301076,1909f56bfc062723c751e8b465ee728b)  -> (artifact id: 'a11baa6245ef5ff48f94a89fce73eed8') in 0.009608 seconds
  Import took 0.016476 seconds .

========================================================================
Received Import Request.
  Time since last request: 6.503246 seconds.
  path: Assets/Scenes/Testing
  artifactKey: Guid(774b0299449b171459dc00f6569ee632) Importer(815301076,1909f56bfc062723c751e8b465ee728b)
Start importing Assets/Scenes/Testing using Guid(774b0299449b171459dc00f6569ee632) Importer(815301076,1909f56bfc062723c751e8b465ee728b)  -> (artifact id: 'f0d46c7e82b3dd200d069b4f8860b6c1') in 0.011625 seconds
  Import took 0.043187 seconds .

========================================================================
Received Import Request.
  Time since last request: 12.465608 seconds.
  path: Assets/Scenes/Testing/Movement
  artifactKey: Guid(9cf0acee9e9157641b5e64b7152e4818) Importer(815301076,1909f56bfc062723c751e8b465ee728b)
Start importing Assets/Scenes/Testing/Movement using Guid(9cf0acee9e9157641b5e64b7152e4818) Importer(815301076,1909f56bfc062723c751e8b465ee728b)  -> (artifact id: 'f6125296da1f98408b23990efcb4d488') in 0.011192 seconds
  Import took 0.015977 seconds .

========================================================================
Received Import Request.
  Time since last request: 17.210627 seconds.
  path: Assets/Scenes/Testing/Movement/movementtest.unity
  artifactKey: Guid(b95ee49ec4c8ecd4b8a748522ce0d9ff) Importer(815301076,1909f56bfc062723c751e8b465ee728b)
Start importing Assets/Scenes/Testing/Movement/movementtest.unity using Guid(b95ee49ec4c8ecd4b8a748522ce0d9ff) Importer(815301076,1909f56bfc062723c751e8b465ee728b)  -> (artifact id: '8c4e0635fb5056caa8c025b55bcdf767') in 0.010800 seconds
  Import took 0.015011 seconds .

========================================================================
Received Import Request.
  Time since last request: 7.066036 seconds.
  path: Assets/Prefabs
  artifactKey: Guid(d34b1bcce93dd6748ac579c27d6be60e) Importer(815301076,1909f56bfc062723c751e8b465ee728b)
Start importing Assets/Prefabs using Guid(d34b1bcce93dd6748ac579c27d6be60e) Importer(815301076,1909f56bfc062723c751e8b465ee728b)  -> (artifact id: '118b8cd4ce6ed4411001ca9f7dc87a26') in 0.012021 seconds
  Import took 0.016057 seconds .

========================================================================
Received Import Request.
  Time since last request: 14.357565 seconds.
  path: Assets/Scripts
  artifactKey: Guid(4827df4417a6c0a48bcbbfe77a82ec72) Importer(815301076,1909f56bfc062723c751e8b465ee728b)
Start importing Assets/Scripts using Guid(4827df4417a6c0a48bcbbfe77a82ec72) Importer(815301076,1909f56bfc062723c751e8b465ee728b)  -> (artifact id: '21516630f31f5eb86ecf6280a34921f9') in 0.010713 seconds
  Import took 0.015994 seconds .

========================================================================
Received Prepare
Registering precompiled user dll's ...
Registered in 0.001574 seconds.
Begin MonoManager ReloadAssembly
Native extension for WindowsStandalone target not found
Native extension for WebGL target not found
Refreshing native plugins compatible for Editor in 0.43 ms, found 1 plugins.
Preloading 0 native plugins for Editor in 0.00 ms.
Mono: successfully reloaded assembly
- Completed reload, in  1.243 seconds
Platform modules already initialized, skipping
Refreshing native plugins compatible for Editor in 0.42 ms, found 1 plugins.
Preloading 0 native plugins for Editor in 0.00 ms.
Unloading 1817 Unused Serialized files (Serialized files now loaded: 0)
System memory in use before: 87.7 MB.
System memory in use after: 87.8 MB.

Unloading 7 unused Assets to reduce memory usage. Loaded Objects now: 2285.
Total: 3.062500 ms (FindLiveObjects: 0.352000 ms CreateObjectMapping: 0.134500 ms MarkObjects: 2.552500 ms  DeleteObjects: 0.021900 ms)

========================================================================
Received Prepare
Registering precompiled user dll's ...
Registered in 0.001657 seconds.
Begin MonoManager ReloadAssembly
Native extension for WindowsStandalone target not found
Native extension for WebGL target not found
Refreshing native plugins compatible for Editor in 0.43 ms, found 1 plugins.
Preloading 0 native plugins for Editor in 0.00 ms.
Mono: successfully reloaded assembly
- Completed reload, in  1.252 seconds
Platform modules already initialized, skipping
Refreshing native plugins compatible for Editor in 0.45 ms, found 1 plugins.
Preloading 0 native plugins for Editor in 0.00 ms.
Unloading 1823 Unused Serialized files (Serialized files now loaded: 0)
System memory in use before: 87.9 MB.
System memory in use after: 88.0 MB.

Unloading 7 unused Assets to reduce memory usage. Loaded Objects now: 2295.
Total: 2.875600 ms (FindLiveObjects: 0.269000 ms CreateObjectMapping: 0.093900 ms MarkObjects: 2.472300 ms  DeleteObjects: 0.038600 ms)

========================================================================
Received Import Request.
  Time since last request: 41.904759 seconds.
  path: ProjectSettings/TagManager.asset
  artifactKey: Guid(00000000000000003000000000000000) Importer(815301076,1909f56bfc062723c751e8b465ee728b)
Start importing ProjectSettings/TagManager.asset using Guid(00000000000000003000000000000000) Importer(815301076,1909f56bfc062723c751e8b465ee728b)  -> (artifact id: '1c037ca2c5e51484f479ce63818a6327') in 0.035092 seconds
  Import took 0.040463 seconds .

========================================================================
Received Import Request.
  Time since last request: 7.164316 seconds.
  path: ProjectSettings/TagManager.asset
  artifactKey: Guid(00000000000000003000000000000000) Importer(815301076,1909f56bfc062723c751e8b465ee728b)
Start importing ProjectSettings/TagManager.asset using Guid(00000000000000003000000000000000) Importer(815301076,1909f56bfc062723c751e8b465ee728b)  -> (artifact id: 'f2de330c7ac3e83669bf7b381332a7f6') in 0.003711 seconds
  Import took 0.008663 seconds .

========================================================================
Received Prepare
Registering precompiled user dll's ...
Registered in 0.001230 seconds.
Begin MonoManager ReloadAssembly
Native extension for WindowsStandalone target not found
Native extension for WebGL target not found
Refreshing native plugins compatible for Editor in 0.59 ms, found 1 plugins.
Preloading 0 native plugins for Editor in 0.00 ms.
Mono: successfully reloaded assembly
- Completed reload, in  1.182 seconds
Platform modules already initialized, skipping
Refreshing native plugins compatible for Editor in 0.41 ms, found 1 plugins.
Preloading 0 native plugins for Editor in 0.00 ms.
Unloading 1823 Unused Serialized files (Serialized files now loaded: 0)
System memory in use before: 87.9 MB.
System memory in use after: 88.0 MB.

Unloading 9 unused Assets to reduce memory usage. Loaded Objects now: 2299.
Total: 2.703400 ms (FindLiveObjects: 0.233200 ms CreateObjectMapping: 0.132900 ms MarkObjects: 2.306700 ms  DeleteObjects: 0.029300 ms)

========================================================================
Received Import Request.
  Time since last request: 48.703458 seconds.
  path: Assets/Scripts/interaction
  artifactKey: Guid(413e27e93d907a442a62391125f561cb) Importer(815301076,1909f56bfc062723c751e8b465ee728b)
Start importing Assets/Scripts/interaction using Guid(413e27e93d907a442a62391125f561cb) Importer(815301076,1909f56bfc062723c751e8b465ee728b)  -> (artifact id: '191b61b45d3588d81d5076b66e40e81a') in 0.014450 seconds
  Import took 0.019295 seconds .

========================================================================
Received Import Request.
  Time since last request: 0.000987 seconds.
  path: Assets/Scripts/interaction
  artifactKey: Guid(413e27e93d907a442a62391125f561cb) Importer(815301076,1909f56bfc062723c751e8b465ee728b)
Start importing Assets/Scripts/interaction using Guid(413e27e93d907a442a62391125f561cb) Importer(815301076,1909f56bfc062723c751e8b465ee728b)  -> (artifact id: '191b61b45d3588d81d5076b66e40e81a') in 0.003680 seconds
  Import took 0.011032 seconds .

